2021-06-16 16:54:49,977: INFO: test_login: ******test 01******
2021-06-16 16:54:50,422: INFO: test_login: Enter username:
2021-06-16 16:54:51,727: INFO: test_login: Enter password:
2021-06-16 16:59:30,453: INFO: test_login: ******test 01******
2021-06-16 16:59:30,707: INFO: test_login: Enter username:admin@yourstore.com
2021-06-16 16:59:31,363: INFO: test_login: Enter password:admin
2021-06-16 19:09:41,235: INFO: test_login: ******test 01******
2021-06-16 19:09:41,709: INFO: test_login: Enter username:admin@yourstore.com
2021-06-16 19:09:42,633: INFO: test_login: Enter password:admin
2021-06-19 17:20:31,221: INFO: test_AddCutomers: ******test 01******
2021-06-19 17:21:38,441: INFO: test_AddCutomers: ******test 02******
2021-06-19 17:21:38,756: INFO: test_AddCutomers: Enter username:admin@yourstore.com
2021-06-19 17:21:40,839: INFO: test_AddCutomers: Enter password:admin
2021-06-19 17:53:10,218: INFO: test_AddCutomers: ******test 02******
2021-06-19 17:53:11,713: INFO: test_AddCutomers: Enter username:admin@yourstore.com
2021-06-19 17:53:13,980: INFO: test_AddCutomers: Enter password:admin
2021-06-19 17:59:39,950: INFO: test_AddCutomers: ******test 02******
2021-06-19 17:59:41,026: INFO: test_AddCutomers: Enter username:admin@yourstore.com
2021-06-19 17:59:43,637: INFO: test_AddCutomers: Enter password:admin
2021-06-19 18:06:28,133: INFO: test_AddCutomers: ******test 02******
2021-06-19 18:06:28,515: INFO: test_AddCutomers: Enter username:admin@yourstore.com
2021-06-19 18:06:30,608: INFO: test_AddCutomers: Enter password:admin
2021-06-19 18:11:06,640: INFO: test_AddCutomers: ******test 02******
2021-06-19 18:11:08,947: INFO: test_AddCutomers: Enter username:admin@yourstore.com
2021-06-19 18:11:09,579: INFO: test_AddCutomers: Enter password:admin
2021-06-19 18:18:08,178: INFO: test_AddCutomers: ******test 02******
2021-06-19 18:18:08,407: INFO: test_AddCutomers: Enter username:admin@yourstore.com
2021-06-19 18:18:09,087: INFO: test_AddCutomers: Enter password:admin
2021-06-19 18:20:30,867: INFO: test_AddCutomers: ******test 02******
2021-06-19 18:20:30,966: INFO: test_AddCutomers: Enter username:admin@yourstore.com
2021-06-19 18:20:31,244: INFO: test_AddCutomers: Enter password:admin
2021-06-19 18:26:23,660: INFO: test_AddCutomers: ******test 02******
2021-06-19 18:26:23,841: INFO: test_AddCutomers: Enter username:admin@yourstore.com
2021-06-19 18:26:24,387: INFO: test_AddCutomers: Enter password:admin
2021-06-19 19:34:01,233: INFO: test_AddCutomers: ******test 02******
2021-06-19 19:34:01,474: INFO: test_AddCutomers: Enter username:admin@yourstore.com
2021-06-19 19:34:02,101: INFO: test_AddCutomers: Enter password:admin
2021-06-19 19:36:03,889: INFO: test_AddCutomers: ******test 02******
2021-06-19 19:36:03,984: INFO: test_AddCutomers: Enter username:admin@yourstore.com
2021-06-19 19:36:04,357: INFO: test_AddCutomers: Enter password:admin
2021-06-19 21:29:59,306: INFO: test_AddCutomers: ******test 02******
2021-06-19 21:30:01,480: INFO: test_AddCutomers: Enter username:admin@yourstore.com
2021-06-19 21:30:04,478: INFO: test_AddCutomers: Enter password:admin
2021-06-19 22:04:29,787: INFO: test_AddCutomers: ******test 02******
2021-06-19 22:04:30,292: INFO: test_AddCutomers: Enter username:admin@yourstore.com
2021-06-19 22:04:31,540: INFO: test_AddCutomers: Enter password:admin
2021-06-19 22:06:53,365: INFO: test_AddCutomers: ******test 02******
2021-06-19 22:06:53,477: INFO: test_AddCutomers: Enter username:admin@yourstore.com
2021-06-19 22:06:53,818: INFO: test_AddCutomers: Enter password:admin
2021-06-19 22:09:33,039: INFO: test_AddCutomers: ******test 02******
2021-06-19 22:09:33,139: INFO: test_AddCutomers: Enter username:admin@yourstore.com
2021-06-19 22:09:33,417: INFO: test_AddCutomers: Enter password:admin
2021-06-19 22:24:54,821: INFO: test_AddCutomers: ******test 02******
2021-06-19 22:24:55,440: INFO: test_AddCutomers: Enter username:admin@yourstore.com
2021-06-19 22:24:56,650: INFO: test_AddCutomers: Enter password:admin
2021-06-19 22:31:33,464: INFO: test_AddCutomers: ******test 02******
2021-06-19 22:31:33,618: INFO: test_AddCutomers: Enter username:admin@yourstore.com
2021-06-19 22:31:33,912: INFO: test_AddCutomers: Enter password:admin
2021-06-20 00:23:21,593: INFO: test_AddCutomers: ******test 02******
2021-06-20 00:23:23,081: INFO: test_AddCutomers: Enter username:admin@yourstore.com
2021-06-20 00:23:25,958: INFO: test_AddCutomers: Enter password:admin
2021-06-20 13:42:56,767: INFO: test_AddCutomers: ******test 02******
2021-06-20 13:42:57,850: INFO: test_AddCutomers: Enter username:admin@yourstore.com
2021-06-20 13:42:59,668: INFO: test_AddCutomers: Enter password:admin
2021-06-20 13:50:31,979: INFO: test_AddCutomers: ******test 02******
2021-06-20 13:50:32,475: INFO: test_AddCutomers: Enter username:admin@yourstore.com
2021-06-20 13:50:33,408: INFO: test_AddCutomers: Enter password:admin
2021-06-20 14:31:01,046: INFO: test_AddCutomers: ******test 02******
2021-06-20 14:31:02,387: INFO: test_AddCutomers: Enter username:admin@yourstore.com
2021-06-20 14:31:03,827: INFO: test_AddCutomers: Enter password:admin
2021-06-20 14:35:07,109: INFO: test_AddCutomers: ******test 02******
2021-06-20 14:35:07,960: INFO: test_AddCutomers: Enter username:admin@yourstore.com
2021-06-20 14:35:09,206: INFO: test_AddCutomers: Enter password:admin
2021-06-20 14:47:20,129: INFO: test_AddCutomers: ******test 02******
2021-06-20 14:47:20,392: INFO: test_AddCutomers: Enter username:admin@yourstore.com
2021-06-20 14:47:21,256: INFO: test_AddCutomers: Enter password:admin
2021-06-20 14:54:23,304: INFO: test_AddCutomers: ******test 02******
2021-06-20 14:54:23,408: INFO: test_AddCutomers: Enter username:admin@yourstore.com
2021-06-20 14:54:23,689: INFO: test_AddCutomers: Enter password:admin
2021-06-20 14:59:17,993: INFO: test_AddCutomers: ******test 02******
2021-06-20 14:59:19,020: INFO: test_AddCutomers: Enter username:admin@yourstore.com
2021-06-20 14:59:21,093: INFO: test_AddCutomers: Enter password:admin
2021-06-20 15:06:15,283: INFO: test_AddCutomers: ******test 02******
2021-06-20 15:06:15,866: INFO: test_AddCutomers: Enter username:admin@yourstore.com
2021-06-20 15:06:16,644: INFO: test_AddCutomers: Enter password:admin
2021-06-25 00:37:06,174: INFO: test_AddCutomers: ******test 02******
2021-06-25 00:37:06,619: INFO: test_AddCutomers: Enter username:admin@yourstore.com
2021-06-25 00:37:07,773: INFO: test_AddCutomers: Enter password:admin
2021-06-25 00:39:43,215: INFO: test_SearchCustByEmail: ***** test 003 ******
2021-06-25 00:39:43,355: INFO: test_SearchCustByEmail: Enter username:admin@yourstore.com
2021-06-25 00:39:43,640: INFO: test_SearchCustByEmail: Enter password:admin
2021-06-25 00:45:55,911: INFO: test_SearchCustByEmail: ***** test 003 ******
2021-06-25 00:45:56,385: INFO: test_SearchCustByEmail: Enter username:admin@yourstore.com
2021-06-25 00:45:57,764: INFO: test_SearchCustByEmail: Enter password:admin
2021-06-26 12:47:32,378: INFO: test_SearchCustByEmail: ***** test 003 ******
2021-06-26 12:47:33,296: INFO: test_SearchCustByEmail: Enter username:admin@yourstore.com
2021-06-26 12:47:35,757: INFO: test_SearchCustByEmail: Enter password:admin
2021-06-26 12:47:54,238: INFO: test_SearchCustByEmail: ***Add customer***
2021-06-26 12:48:01,970: INFO: test_SearchCustByEmail: ****Search Customer****
2021-07-01 14:52:06,709: INFO: test_login: ******test 01******
2021-07-01 14:52:07,503: INFO: test_login: Enter username:admin@yourstore.com
2021-07-01 14:52:08,585: INFO: test_login: Enter password:admin
2021-07-01 14:52:58,579: INFO: test_SearchCustByEmail: ***** test 003 ******
2021-07-01 14:52:58,675: INFO: test_SearchCustByEmail: Enter username:admin@yourstore.com
2021-07-01 14:52:59,170: INFO: test_SearchCustByEmail: Enter password:admin
2021-07-01 14:53:15,660: INFO: test_SearchCustByEmail: ***Add customer***
2021-07-01 14:53:22,817: INFO: test_SearchCustByEmail: ****Search Customer****
2021-07-29 22:25:03,732: INFO: test_SearchCustByEmail: ***** test 003 ******
2021-07-29 22:25:04,442: INFO: test_SearchCustByEmail: Enter username:admin@yourstore.com
2021-07-29 22:25:06,725: INFO: test_SearchCustByEmail: Enter password:admin
2021-07-29 22:25:45,502: INFO: test_SearchCustByEmail: ***Add customer***
2021-07-29 22:25:58,663: INFO: test_SearchCustByEmail: ****Search Customer****
2021-07-29 23:28:48,593: INFO: test_SearchCustByEmail: ***** test 003 ******
2021-07-29 23:28:49,825: INFO: test_SearchCustByEmail: Enter username:admin@yourstore.com
2021-07-29 23:28:52,351: INFO: test_SearchCustByEmail: Enter password:admin
2021-07-29 23:29:31,949: INFO: test_SearchCustByEmail: ***Add customer***
2021-07-29 23:29:43,653: INFO: test_SearchCustByEmail: ****Search Customer****
2021-07-30 00:22:05,697: INFO: test_SearchCustByEmail: ***** test 003 ******
2021-07-30 00:22:06,747: INFO: test_SearchCustByEmail: Enter username:admin@yourstore.com
2021-07-30 00:22:08,610: INFO: test_SearchCustByEmail: Enter password:admin
2021-07-30 00:22:40,898: INFO: test_SearchCustByEmail: ***Add customer***
2021-07-30 00:22:52,323: INFO: test_SearchCustByEmail: ****Search Customer****
2021-07-30 00:26:11,790: INFO: test_SearchCustByEmail: ***** test 003 ******
2021-07-30 00:26:12,107: INFO: test_SearchCustByEmail: Enter username:admin@yourstore.com
2021-07-30 00:26:12,517: INFO: test_SearchCustByEmail: Enter password:admin
2021-07-30 00:26:28,579: INFO: test_SearchCustByEmail: ***Add customer***
2021-07-30 00:26:37,364: INFO: test_SearchCustByEmail: ****Search Customer****
2021-07-30 00:43:58,856: INFO: test_SearchCustByEmail: ***** test 003 ******
2021-07-30 00:43:59,584: INFO: test_SearchCustByEmail: Enter username:admin@yourstore.com
2021-07-30 00:44:01,995: INFO: test_SearchCustByEmail: Enter password:admin
2021-07-30 00:44:43,579: INFO: test_SearchCustByEmail: ***Add customer***
2021-07-30 00:44:51,892: INFO: test_SearchCustByEmail: ****Search Customer****
2021-07-30 12:54:15,580: INFO: test_SearchCustByEmail: ***** test 003 ******
2021-07-30 12:54:16,760: INFO: test_SearchCustByEmail: Enter username:admin@yourstore.com
2021-07-30 12:54:19,062: INFO: test_SearchCustByEmail: Enter password:admin
2021-07-30 12:54:47,419: INFO: test_SearchCustByEmail: ***Add customer***
2021-07-30 12:54:56,017: INFO: test_SearchCustByEmail: ****Search Customer****
2021-07-30 13:08:03,185: INFO: test_SearchCustByEmail: ***** test 003 ******
2021-07-30 13:08:03,498: INFO: test_SearchCustByEmail: Enter username:admin@yourstore.com
2021-07-30 13:08:04,526: INFO: test_SearchCustByEmail: Enter password:admin
2021-07-30 13:08:21,487: INFO: test_SearchCustByEmail: ***Add customer***
2021-07-30 13:08:26,288: INFO: test_SearchCustByEmail: ****Search Customer****
2021-07-30 13:15:58,456: INFO: test_SearchCustByEmail: ***** test 003 ******
2021-07-30 13:15:58,593: INFO: test_SearchCustByEmail: Enter username:admin@yourstore.com
2021-07-30 13:15:58,930: INFO: test_SearchCustByEmail: Enter password:admin
2021-07-30 13:16:13,455: INFO: test_SearchCustByEmail: ***Add customer***
2021-07-30 13:16:18,742: INFO: test_SearchCustByEmail: ****Search Customer****
